<?xml version="1.0" encoding="UTF-8"?>
<testsuite name="SpringHibernate.LibraryTest" tests="1" skipped="0" failures="0" errors="0" timestamp="2019-10-11T05:35:20" hostname="PLATOW42S2494" time="0.004">
  <properties/>
  <testcase name="testSomeLibraryMethod" classname="SpringHibernate.LibraryTest" time="0.004"/>
  <system-out><![CDATA[]]></system-out>
  <system-err><![CDATA[]]></system-err>
</testsuite>
